C51 COMPILER V9.53.0.0   AURORA                                                            04/23/2016 12:41:58 PAGE 1   


C51 COMPILER V9.53.0.0, COMPILATION OF MODULE AURORA
OBJECT MODULE PLACED IN ..\ProjOut\Aurora.obj
COMPILER INVOKED BY: C:\Program Files\Keil\C51\BIN\C51.EXE ..\ProgSource\Aurora.c LARGE ROM(COMPACT) OPTIMIZE(8,SPEED) P
                    -RINT(..\ProjList\Aurora.lst) OBJECT(..\ProjOut\Aurora.obj)

line level    source

   1          /******************************************************************************
   2            Copyright (C), 2015-2016,  Bpeer Robotics. Co., Ltd.
   3            
   4            File name: BP-A1-CP_A.c
   5          
   6            Author: 郭世全    Version: v0.10.0    Date: 2016.02.05 
   7          
   8            Description:      本文件主要实现充电桩的主要功能。
   9          
  10                              1、引导轮式机器人找到充电桩的方位。
  11                              2、引导轮式机器人正确对准电极。
  12                              3、判断轮式机器人是否正确对准电极，是否有离开。
  13                              4、可靠的打开和关闭充电电源。
  14                              5、定时消息日志输出。
  15          
  16            Others:         
  17          
  18            Function List:  //主要函数列表，每条记录应包括函数名及功能简要说明
  19          
  20              待整理……
  21              1. ....
  22          
  23            History:        
  24          
  25              1. Date: 2016.02.05
  26                 Author: 郭世全
  27                 Modification: Create File and Frame    
  28              2. Date: 2016.02.23
  29                 Author: 郭世全
  30                 Modification: ADD IR Code
  31          ******************************************************************************/
  32          
  33          /**************************系统配置（不可更改）***************************/
  34          
  35          /*调用模块函数定义头文件*/
  36          #include "..\ProgInc\adc.h"
*** WARNING C318 IN LINE 22 OF ..\ProgInc\adc.h: can't open file '..\ProgInc\config.h'
  37          #include "..\ProgInc\config.h"
*** WARNING C318 IN LINE 37 OF ..\ProgSource\Aurora.c: can't open file '..\ProgInc\config.h'
  38          #include "..\ProgInc\pca.h"
*** WARNING C318 IN LINE 24 OF ..\ProgInc\pca.h: can't open file '..\ProgInc\config.h'
  39          #include "..\ProgInc\tim.h"
*** WARNING C318 IN LINE 23 OF ..\ProgInc\tim.h: can't open file '..\ProgInc\config.h'
  40          #include "..\ProgInc\usart.h"
*** WARNING C318 IN LINE 32 OF ..\ProgInc\usart.h: can't open file '..\ProgInc\config.h'
  41          
  42          /*****************************************************************************/
  43          
  44          
  45          /***************************系统配置（可更改）****************************/
  46          
  47          
  48          /*PCA所需变量定义与初始化*/
  49          unsigned int PCA0_value = T38KHz;
C51 COMPILER V9.53.0.0   AURORA                                                            04/23/2016 12:41:58 PAGE 2   

*** ERROR C202 IN LINE 49 OF ..\ProgSource\Aurora.c: 'T38KHz': undefined identifier
  50          unsigned int PCA1_value = T32HZ;
*** ERROR C202 IN LINE 50 OF ..\ProgSource\Aurora.c: 'T32HZ': undefined identifier
  51          
  52          /*TImer所需要的变量定义与初始化*/
  53          unsigned int Timer = 0x00;
  54          unsigned int Signal_LED_PIN_Timer = 0x00;
  55          unsigned int Check_Signal_Timer = 0x00;
  56          unsigned int ADC_Timer = 0x00;
  57          unsigned int IR_Timer = 0x00;
  58          
  59          /*状态值定义*/
  60          
  61          /*0：机器人未在充电桩，1：机器人在充电桩*/
  62          unsigned char System_State = 0;
  63          
  64          /*定义一些缓存变量*/
  65          unsigned int ADC_Buffer = 0;
  66          unsigned char System_State_Buffer = 0;
  67          
  68          
  69          
  70          /********************************主函数执行**********************************/
  71          
  72          void main(void)
  73          {
  74   1          /*设置红外输出引脚为推挽输出*/
  75   1          P1M1 = 0x00;
*** ERROR C202 IN LINE 75 OF ..\ProgSource\Aurora.c: 'P1M1': undefined identifier
  76   1          P1M0 = 0x1C;
*** ERROR C202 IN LINE 76 OF ..\ProgSource\Aurora.c: 'P1M0': undefined identifier
  77   1          
  78   1          /*PCA模块初始化*/
  79   1          PCA_Init();
  80   1      
  81   1          /*Timer定时器初始化*/
  82   1          Timer0_Init();
  83   1          
  84   1          /*串口初始化*/
  85   1          Uart1_Init();
  86   1          
  87   1          /*ADC的初始化*/
  88   1          ADC_Init();
  89   1      
  90   1          /*打开全局中断标识位*/
  91   1          EA = 1;
*** ERROR C202 IN LINE 91 OF ..\ProgSource\Aurora.c: 'EA': undefined identifier
  92   1      
  93   1          /*系统上电，管脚初始化*/
  94   1          Signal_LED_PIN   = 0;
*** ERROR C202 IN LINE 94 OF ..\ProgSource\Aurora.c: 'Signal_LED_PIN': undefined identifier
  95   1          Check_Signal_PIN = 0;
*** ERROR C202 IN LINE 95 OF ..\ProgSource\Aurora.c: 'Check_Signal_PIN': undefined identifier
  96   1      
  97   1      //    #ifdef DEBUG
  98   1      //        /*启动32HZ和38KHZ方波输出*/
  99   1      //        T38KHZ_Start();
 100   1      //        T32HZ_Start();
 101   1      
 102   1      //        Timer = 0;
 103   1      //    
 104   1      //        System_State = 1;
C51 COMPILER V9.53.0.0   AURORA                                                            04/23/2016 12:41:58 PAGE 3   

 105   1      //    #endif
 106   1      
 107   1          /*输出初始化成功标识*/
 108   1          printf("%s","INIT DONE \r\n");
 109   1      
 110   1          while(1)
 111   1          {
 112   2              /*软件复位，不断电，自动下载*/
 113   2              if(System_IAP_REST_PIN == 0) IAP_CONTR = 0x60;
 114   2              
 115   2      /***************************检查系统电极接触状态******************************/
 116   2              if(ADC_Timer == 198)
 117   2              {
 118   3                  ADC_Buffer = Get_ADC_Result();
 119   3                  printf("%d ",ADC_Buffer);
 120   3                  
 121   3                  /*清除系统状态*/
 122   3                  System_State = 0;
 123   3                  
 124   3                  if((ADC_Buffer > 140) && (ADC_Buffer <250))
 125   3                  {
 126   4                      /*电极接触*/
 127   4                      System_State = 1;
 128   4                  }
 129   3                  if(System_State != System_State_Buffer)
 130   3                  {
 131   4                      if(System_State == 0)
 132   4                      {
 133   5                          T32HZ_Stop();
 134   5                          T38KHZ_Start();
 135   5                      }
 136   4                      else if(System_State == 1)
 137   4                      {
 138   5                          T38KHZ_Stop();
 139   5                          T32HZ_Start();
 140   5                      }
 141   4                  }
 142   3                  System_State_Buffer = System_State;
 143   3                  printf("%d ",System_State_Buffer);
 144   3              }
 145   2              else if(ADC_Timer == 200)
 146   2              {
 147   3                  ADC_Timer = 0;
 148   3              }
 149   2      /*****************************************************************************/      
 150   2               
 151   2      /************************系统状态为充电电极未接触状态*************************/
 152   2              if(System_State == 0)
 153   2              {
 154   3      /*****************************指示灯部分代码程序******************************/
 155   3                  /*未接触时，指示灯4S亮一次*/
 156   3                  if(Signal_LED_PIN_Timer < 50)
 157   3                  {
 158   4                      Signal_LED_PIN = 1;
 159   4                  }
 160   3                  else if(Signal_LED_PIN_Timer >= 3999)
 161   3                  {
 162   4                      Signal_LED_PIN_Timer = 0;
 163   4                      Signal_LED_PIN = 0;
 164   4                  }
 165   3                  else
 166   3                  {
C51 COMPILER V9.53.0.0   AURORA                                                            04/23/2016 12:41:58 PAGE 4   

 167   4                      Signal_LED_PIN = 0;
 168   4                  }
 169   3      /*****************************************************************************/
 170   3      
 171   3      /****************************红外发射部分代码程序*****************************/
 172   3      
 173   3                  if((IR_Timer >= 0) && (IR_Timer < 50))
 174   3                  {
 175   4      
 176   4                      /*全向红外发射序列*/
 177   4                      /*1*/
 178   4                      if((IR_Timer >= 0) && (IR_Timer < 3))
 179   4                      {
 180   5                          LED_FF_PIN = 1;
 181   5                      }
 182   4                      else if(IR_Timer == 3)
 183   4                      {
 184   5                          LED_FF_PIN = 0; 
 185   5                      }
 186   4                      /*0*/
 187   4                      else if(IR_Timer == 4)
 188   4                      {
 189   5                          LED_FF_PIN = 1;
 190   5                      }
 191   4                      else if((IR_Timer >= 5) && (IR_Timer < 7))
 192   4                      {
 193   5                          LED_FF_PIN = 0;
 194   5                      }
 195   4                      /*0*/
 196   4                      else if(IR_Timer == 7)
 197   4                      {
 198   5                          LED_FF_PIN = 1;
 199   5                      }
 200   4                      else if((IR_Timer >= 8) && (IR_Timer < 10))
 201   4                      {
 202   5                          LED_FF_PIN = 0;
 203   5                      }
 204   4                      /*1*/
 205   4                      else if((IR_Timer >= 10) && (IR_Timer < 13))
 206   4                      {
 207   5                          LED_FF_PIN = 1;
 208   5                      }
 209   4                      else if(IR_Timer == 13)
 210   4                      {
 211   5                          LED_FF_PIN = 0; 
 212   5                      }
 213   4                      /*0*/
 214   4                      else if(IR_Timer == 14)
 215   4                      {
 216   5                          LED_FF_PIN = 1;
 217   5                      }
 218   4                      else if((IR_Timer >= 15) && (IR_Timer < 17))
 219   4                      {
 220   5                          LED_FF_PIN = 0;
 221   5                      }
 222   4                      /*1*/
 223   4                      else if((IR_Timer >= 17) && (IR_Timer < 20))
 224   4                      {
 225   5                          LED_FF_PIN = 1;
 226   5                      }
 227   4                      else if(IR_Timer == 20)
 228   4                      {
C51 COMPILER V9.53.0.0   AURORA                                                            04/23/2016 12:41:58 PAGE 5   

 229   5                          LED_FF_PIN = 0; 
 230   5                      }
 231   4                      /*0*/
 232   4                      else if(IR_Timer == 21)
 233   4                      {
 234   5                          LED_FF_PIN = 1;
 235   5                      }
 236   4                      else if((IR_Timer >= 22) && (IR_Timer < 24))
 237   4                      {
 238   5                          LED_FF_PIN = 0; 
 239   5                      }
 240   4                      /*1*/
 241   4                      else if((IR_Timer >= 24) && (IR_Timer < 27))
 242   4                      {
 243   5                          LED_FF_PIN = 1; 
 244   5                      }
 245   4                      else
 246   4                      {
 247   5                          LED_FF_PIN = 0;
 248   5                      }
 249   4      
 250   4                  }
 251   3                  else if((IR_Timer >= 50) && (IR_Timer < 100))
 252   3                  {
 253   4                      /*左右侧红外发送序列*/
 254   4                      /*L:0 R:0*/
 255   4                      if(IR_Timer == 50)
 256   4                      {
 257   5                          LED_L_PIN  = 1;
 258   5                          LED_R_PIN  = 1;
 259   5                      }
 260   4                      else if((IR_Timer >= 51) && (IR_Timer < 53))
 261   4                      {
 262   5                          LED_L_PIN  = 0;
 263   5                          LED_R_PIN  = 0;  
 264   5                      }
 265   4                      /*L:0 R:0*/
 266   4                      else if(IR_Timer == 53)
 267   4                      {
 268   5                          LED_L_PIN  = 1;
 269   5                          LED_R_PIN  = 1;
 270   5                      }
 271   4                      else if((IR_Timer >= 54) && (IR_Timer < 56))
 272   4                      {
 273   5                          LED_L_PIN  = 0;
 274   5                          LED_R_PIN  = 0;  
 275   5                      }
 276   4                      /*L:1 R:0*/
 277   4                      /*L:0 R:1*/
 278   4                      else if(IR_Timer == 56)
 279   4                      {
 280   5                          LED_L_PIN  = 1;
 281   5                          LED_R_PIN  = 1; 
 282   5                      }
 283   4                      else if((IR_Timer >= 57) && (IR_Timer < 59))
 284   4                      {
 285   5                          LED_L_PIN  = 1;
 286   5                          LED_R_PIN  = 0;  
 287   5                      }
 288   4                      else if(IR_Timer == 59)
 289   4                      {
 290   5                          LED_L_PIN  = 0;
C51 COMPILER V9.53.0.0   AURORA                                                            04/23/2016 12:41:58 PAGE 6   

 291   5                          LED_R_PIN  = 1; 
 292   5                      }
 293   4                      else if(IR_Timer == 60)
 294   4                      {
 295   5                          LED_L_PIN  = 1;
 296   5                          LED_R_PIN  = 1; 
 297   5                      }
 298   4                      else if(IR_Timer == 61)
 299   4                      {
 300   5                          LED_L_PIN  = 0;
 301   5                          LED_R_PIN  = 1; 
 302   5                      }
 303   4                      else if(IR_Timer == 62)
 304   4                      {
 305   5                          LED_L_PIN  = 0;
 306   5                          LED_R_PIN  = 0; 
 307   5                      }
 308   4                      /*L:0 R:0*/
 309   4                      else if(IR_Timer == 63)
 310   4                      {
 311   5                          LED_L_PIN  = 1;
 312   5                          LED_R_PIN  = 1;
 313   5                      }
 314   4                      else if((IR_Timer >= 64) && (IR_Timer < 66))
 315   4                      {
 316   5                          LED_L_PIN  = 0;
 317   5                          LED_R_PIN  = 0;  
 318   5                      }
 319   4                      /*L:1 R:1*/
 320   4                      else if((IR_Timer >= 66) && (IR_Timer < 69))
 321   4                      {
 322   5                          LED_L_PIN  = 1;
 323   5                          LED_R_PIN  = 1;  
 324   5                      }
 325   4                      else if(IR_Timer == 69)
 326   4                      {
 327   5                          LED_L_PIN  = 0;
 328   5                          LED_R_PIN  = 0;
 329   5                      }              
 330   4                      /*L:0 R:0*/
 331   4                      else if(IR_Timer == 70)
 332   4                      {
 333   5                          LED_L_PIN  = 1;
 334   5                          LED_R_PIN  = 1;
 335   5                      }
 336   4                      else if((IR_Timer >= 71) && (IR_Timer < 73))
 337   4                      {
 338   5                          LED_L_PIN  = 0;
 339   5                          LED_R_PIN  = 0;  
 340   5                      }
 341   4                      /*L:1 R:1*/
 342   4                      else if((IR_Timer >= 73) && (IR_Timer < 76))
 343   4                      {
 344   5                          LED_L_PIN  = 1;
 345   5                          LED_R_PIN  = 1; 
 346   5                      }
 347   4                      else
 348   4                      {
 349   5                          LED_L_PIN  = 0;
 350   5                          LED_R_PIN  = 0;  
 351   5                      }
 352   4                  }
C51 COMPILER V9.53.0.0   AURORA                                                            04/23/2016 12:41:58 PAGE 7   

 353   3                  else if((IR_Timer >= 100))
 354   3                  {
 355   4                      IR_Timer = 0;
 356   4                      LED_FF_PIN = 0;
 357   4                      LED_L_PIN  = 0;
 358   4                      LED_R_PIN  = 0;
 359   4                  }
 360   3      
 361   3      
 362   3      
 363   3      
 364   3      
 365   3      /*****************************************************************************/
 366   3      
 367   3              }
 368   2      
 369   2      /**************************统状态为充电电极接触状态***************************/
 370   2              else if(System_State == 1)
 371   2              {
 372   3      
 373   3      /*****************************指示灯部分代码程序******************************/
 374   3                  /*接触时，指示灯常量*/
 375   3                  Signal_LED_PIN = 1;
 376   3                  Signal_LED_PIN_Timer = 0;
 377   3      /*****************************************************************************/
 378   3      
 379   3      /************************发射检测信号部分代码程序*****************************/
 380   3                  if(Check_Signal_Timer < 190)
 381   3                  {
 382   4                      Check_Signal_PIN = 1;
 383   4                  }
 384   3                  else if((Check_Signal_Timer >= 197) && (Check_Signal_Timer < 200 ))
 385   3                  {
 386   4                      Check_Signal_PIN = 0;
 387   4                  }
 388   3                  else if(Check_Signal_Timer >= 200)
 389   3                  {
 390   4                      Check_Signal_Timer = 0;
 391   4                      Check_Signal_PIN = 1;
 392   4                  }
 393   3      /*****************************************************************************/
 394   3              }  
 395   2          }
 396   1      }
 397          
 398          
 399          
 400          
 401          
 402          
 403          
 404          
 405          
 406          

C51 COMPILATION COMPLETE.  5 WARNING(S),  7 ERROR(S)
