C51 COMPILER V9.53.0.0   DELAY                                                             03/25/2015 15:09:05 PAGE 1   


C51 COMPILER V9.53.0.0, COMPILATION OF MODULE DELAY
OBJECT MODULE PLACED IN ..\ProjOut\delay.obj
COMPILER INVOKED BY: C:\Program Files\Keil\C51\BIN\C51.EXE ..\ProgSource\delay.c LARGE OPTIMIZE(8,SPEED) CODE PRINT(..\P
                    -rojList\delay.lst) OBJECT(..\ProjOut\delay.obj)

line level    source

   1          
   2          /*---------------------------------------------------------------------*/
   3          /* --- STC MCU International Limited ----------------------------------*/
   4          /* --- STC 1T Series MCU Demo Programme -------------------------------*/
   5          /* --- Mobile: (86)13922805190 ----------------------------------------*/
   6          /* --- Fax: 86-0513-55012956,55012947,55012969 ------------------------*/
   7          /* --- Tel: 86-0513-55012928,55012929,55012966 ------------------------*/
   8          /* --- Web: www.GXWMCU.com --------------------------------------------*/
   9          /* --- QQ:  800003751 -------------------------------------------------*/
  10          /* 如果要在程序中使用此代码,请在程序中注明使用了宏晶科技的资料及程序   */
  11          /*---------------------------------------------------------------------*/
  12          
  13          
  14          /*************  功能说明        **************
  15          
  16          本文件为STC15xxx系列的延时程序,用户几乎可以不修改这个程序.
  17          
  18          ******************************************/
  19          
  20          #include        "delay.h"
  21          
  22          
  23          
  24          //========================================================================
  25          // 函数: void  delay_ms(unsigned char ms)
  26          // 描述: 延时函数。
  27          // 参数: ms,要延时的ms数, 这里只支持1~255ms. 自动适应主时钟.
  28          // 返回: none.
  29          // 版本: VER1.0
  30          // 日期: 2013-4-1
  31          // 备注: 
  32          //========================================================================
  33          void  delay_ms(unsigned char ms)
  34          {
  35   1           unsigned int i;
  36   1               do{
  37   2                    i = MAIN_Fosc / 13000;
  38   2                        while(--i)    ;   //14T per loop
  39   2           }while(--ms);
  40   1      }
C51 COMPILER V9.53.0.0   DELAY                                                             03/25/2015 15:09:05 PAGE 2   

ASSEMBLY LISTING OF GENERATED OBJECT CODE


             ; FUNCTION _delay_ms (BEGIN)
                                           ; SOURCE LINE # 33
;---- Variable 'ms' assigned to Register 'R7' ----
                                           ; SOURCE LINE # 34
0000         ?C0003:
                                           ; SOURCE LINE # 36
                                           ; SOURCE LINE # 37
;---- Variable 'i' assigned to Register 'R4/R5' ----
0000 7D1C              MOV     R5,#01CH
0002 7C08              MOV     R4,#08H
0004         ?C0004:
                                           ; SOURCE LINE # 38
0004 ED                MOV     A,R5
0005 1D                DEC     R5
0006 7001              JNZ     ?C0007
0008 1C                DEC     R4
0009         ?C0007:
0009 14                DEC     A
000A 4C                ORL     A,R4
000B 70F7              JNZ     ?C0004
000D         ?C0005:
                                           ; SOURCE LINE # 39
000D         ?C0001:
000D DFF1              DJNZ    R7,?C0003
                                           ; SOURCE LINE # 40
000F 22                RET     
             ; FUNCTION _delay_ms (END)



MODULE INFORMATION:   STATIC OVERLAYABLE
   CODE SIZE        =     16    ----
   CONSTANT SIZE    =   ----    ----
   XDATA SIZE       =   ----    ----
   PDATA SIZE       =   ----    ----
   DATA SIZE        =   ----    ----
   IDATA SIZE       =   ----    ----
   BIT SIZE         =   ----    ----
END OF MODULE INFORMATION.


C51 COMPILATION COMPLETE.  0 WARNING(S),  0 ERROR(S)
