C51 COMPILER V9.53.0.0   IT                                                                04/20/2016 15:10:55 PAGE 1   


C51 COMPILER V9.53.0.0, COMPILATION OF MODULE IT
OBJECT MODULE PLACED IN ..\ProjOut\it.obj
COMPILER INVOKED BY: C:\Program Files\Keil\C51\BIN\C51.EXE ..\ProgSource\it.c LARGE ROM(COMPACT) OPTIMIZE(8,SPEED) PRINT
                    -(..\ProjList\it.lst) OBJECT(..\ProjOut\it.obj)

line level    source

   1          /******************************************************************************
   2            Copyright (C), 2015-2016,  Bpeer Robotics. Co., Ltd.
   3            
   4            File name: it.c
   5          
   6            Author: 郭世全    Version: v0.10.0    Date: 2016.02.05 
   7          
   8            Description:     各种中断的相关操作。
   9          
  10            Others:         
  11          
  12            Function List: 
  13          
  14            History:        
  15          
  16              1. Date: 2016.02.19
  17                 Author: 郭世全
  18                 Modification: Create File and Frame    
  19          ******************************************************************************/
  20          
  21          #include "..\ProgInc\it.h"
*** WARNING C318 IN LINE 23 OF ..\ProgInc\it.h: can't open file '..\ProgInc\config.h'
  22          #include "..\ProgInc\pca.h"
*** WARNING C318 IN LINE 24 OF ..\ProgInc\pca.h: can't open file '..\ProgInc\config.h'
  23          
  24          /******************************************************************************
  25          
  26            Function:       void T0_time() interrupt 1 using 1 
  27          
  28            Description:    更新相关的软件定时器参数
  29          
  30            Calls:          None
  31          
  32            Called By:      None
  33          
  34            Input:          None
  35          
  36            Output:         None
  37          
  38            Return:         None
  39          
  40            Others:         None
  41          
  42            Version:        V0.10.0,2016-02-05
  43          
  44          ******************************************************************************/
  45          
  46          void T0_isr() interrupt 1 using 1
  47          {
  48   1          /*不管系统状态，处于什么样，均200MS检测一次ADC*/
  49   1          ADC_Timer++;
  50   1      
  51   1          /*系统状态为充电电极未接触状态*/
  52   1          if(System_State == 0)
C51 COMPILER V9.53.0.0   IT                                                                04/20/2016 15:10:55 PAGE 2   

  53   1          {
  54   2              Signal_LED_PIN_Timer ++;
  55   2              IR_Timer++;
  56   2          }
  57   1          /*系统状态为充电电极接触状态*/
  58   1          else if(System_State == 1)
  59   1          {
  60   2              Check_Signal_Timer = ADC_Timer;     
  61   2          }
  62   1      }
  63          
  64          
  65          /******************************************************************************
  66          
  67            Function:       void PCA_isr() interrupt 7 using 1
  68          
  69            Description:    PCA中断，更新38KHZ，32HZ的参数值
  70          
  71            Calls:          None
  72          
  73            Called By:      None
  74          
  75            Input:          None
  76          
  77            Output:         None
  78          
  79            Return:         None
  80          
  81            Others:         None
  82          
  83            Version:        V0.10.0,2016-02-06
  84          
  85          ******************************************************************************/
  86          void PCA_isr() interrupt 7 using 2
  87          {
  88   1          /*模块0的处理函数，38KHZ波*/
  89   1           if(CCF0 == 1)
*** ERROR C202 IN LINE 89 OF ..\ProgSource\it.c: 'CCF0': undefined identifier
  90   1           {
  91   2                CCF0 = 0;                       //清中断标志
*** ERROR C202 IN LINE 91 OF ..\ProgSource\it.c: 'CCF0': undefined identifier
  92   2      
  93   2                CCAP0L = PCA0_value;            //更新比较值
*** ERROR C202 IN LINE 93 OF ..\ProgSource\it.c: 'CCAP0L': undefined identifier
  94   2                CCAP0H = PCA0_value >> 8;            
*** ERROR C202 IN LINE 94 OF ..\ProgSource\it.c: 'CCAP0H': undefined identifier
  95   2      
  96   2                PCA0_value += T38KHz;
*** ERROR C202 IN LINE 96 OF ..\ProgSource\it.c: 'T38KHz': undefined identifier
  97   2           }
  98   1           /*模块1的处理函数，32HZ波*/
  99   1           else if (CCF1 == 1)
*** ERROR C202 IN LINE 99 OF ..\ProgSource\it.c: 'CCF1': undefined identifier
 100   1           {
 101   2                CCF1 = 0;                       //清中断标志
*** ERROR C202 IN LINE 101 OF ..\ProgSource\it.c: 'CCF1': undefined identifier
 102   2      
 103   2                CCAP1L = PCA1_value;            //更新比较值
*** ERROR C202 IN LINE 103 OF ..\ProgSource\it.c: 'CCAP1L': undefined identifier
 104   2                CCAP1H = PCA1_value >> 8;
*** ERROR C202 IN LINE 104 OF ..\ProgSource\it.c: 'CCAP1H': undefined identifier
 105   2      
C51 COMPILER V9.53.0.0   IT                                                                04/20/2016 15:10:55 PAGE 3   

 106   2                PCA1_value += T32HZ;
*** ERROR C202 IN LINE 106 OF ..\ProgSource\it.c: 'T32HZ': undefined identifier
 107   2           }
 108   1      
 109   1      }

C51 COMPILATION COMPLETE.  2 WARNING(S),  10 ERROR(S)
