C51 COMPILER V9.53.0.0   TIM                                                               04/20/2016 15:10:55 PAGE 1   


C51 COMPILER V9.53.0.0, COMPILATION OF MODULE TIM
OBJECT MODULE PLACED IN ..\ProjOut\tim.obj
COMPILER INVOKED BY: C:\Program Files\Keil\C51\BIN\C51.EXE ..\ProgSource\tim.c LARGE ROM(COMPACT) OPTIMIZE(8,SPEED) PRIN
                    -T(..\ProjList\tim.lst) OBJECT(..\ProjOut\tim.obj)

line level    source

   1          /******************************************************************************
   2            Copyright (C), 2015-2016,  Bpeer Robotics. Co., Ltd.
   3            
   4            File name: tim.c
   5          
   6            Author: 郭世全    Version: v0.10.0    Date: 2016.02.19 
   7          
   8            Description:     tim的相关操作函数
   9          
  10            Others:         
  11          
  12            Function List:  //主要函数列表，每条记录应包括函数名及功能简要说明
  13          
  14              待整理……
  15              1. ....
  16          
  17            History:        
  18          
  19              1. Date: 2016.02.19
  20                 Author: 郭世全
  21                 Modification: Create File and Frame    
  22          ******************************************************************************/
  23          
  24          #include "..\ProgInc\tim.H"
*** WARNING C318 IN LINE 23 OF ..\ProgInc\tim.H: can't open file '..\ProgInc\config.h'
  25          
  26          /******************************************************************************
  27          
  28            Function:       void Timer0_Init(void) 
  29          
  30            Description:    1毫秒@33.1776MHz
  31          
  32            Calls:          1、void main(void);
  33          
  34            Called By:      None
  35          
  36            Input:          None
  37          
  38            Output:         None
  39          
  40            Return:         None
  41          
  42            Others:         None
  43          
  44            Version:        V0.10.0,2016-02-05
  45          
  46          ******************************************************************************/
  47          
  48          void Timer0_Init(void)         
  49          {
  50   1          /*定时器时钟1T模式*/
  51   1          AUXR |= 0x80;       
*** ERROR C202 IN LINE 51 OF ..\ProgSource\tim.c: 'AUXR': undefined identifier
  52   1          
C51 COMPILER V9.53.0.0   TIM                                                               04/20/2016 15:10:55 PAGE 2   

  53   1          /*设置定时器模式*/
  54   1          TMOD &= 0xF0;
*** ERROR C202 IN LINE 54 OF ..\ProgSource\tim.c: 'TMOD': undefined identifier
  55   1          
  56   1          /*开始定时器中断*/
  57   1          ET0 = 1;
*** ERROR C202 IN LINE 57 OF ..\ProgSource\tim.c: 'ET0': undefined identifier
  58   1           
  59   1          /*设置定时初值*/
  60   1          TL0 = 0x66;         
*** ERROR C202 IN LINE 60 OF ..\ProgSource\tim.c: 'TL0': undefined identifier
  61   1          TH0 = 0x7E; 
*** ERROR C202 IN LINE 61 OF ..\ProgSource\tim.c: 'TH0': undefined identifier
  62   1      
  63   1          /*清除TF0标志*/
  64   1          TF0 = 0;
*** ERROR C202 IN LINE 64 OF ..\ProgSource\tim.c: 'TF0': undefined identifier
  65   1           
  66   1          /*定时器0开始计时*/
  67   1          TR0 = 1;       
*** ERROR C202 IN LINE 67 OF ..\ProgSource\tim.c: 'TR0': undefined identifier
  68   1          
  69   1          
  70   1      }

C51 COMPILATION COMPLETE.  1 WARNING(S),  7 ERROR(S)
