C51 COMPILER V9.53.0.0   USART                                                             04/23/2016 12:41:58 PAGE 1   


C51 COMPILER V9.53.0.0, COMPILATION OF MODULE USART
OBJECT MODULE PLACED IN ..\ProjOut\usart.obj
COMPILER INVOKED BY: C:\Program Files\Keil\C51\BIN\C51.EXE ..\ProgSource\usart.c LARGE ROM(COMPACT) OPTIMIZE(8,SPEED) PR
                    -INT(..\ProjList\usart.lst) OBJECT(..\ProjOut\usart.obj)

line level    source

   1          /******************************************************************************
   2            Copyright (C), 2015-2016,  Bpeer Robotics. Co., Ltd.
   3            
   4            File name: usart.c
   5          
   6            Author: 郭世全    Version: v0.10.0    Date: 2016.02.19 
   7          
   8            Description:      usart的相关操作函数
   9          
  10            Others:         
  11          
  12            Function List:  
  13          
  14            History:        
  15          
  16              1. Date: 2016.02.19
  17                 Author: 郭世全
  18                 Modification: Create File and Frame    
  19          ******************************************************************************/
  20          
  21          #include "..\ProgInc\usart.h"
*** WARNING C318 IN LINE 32 OF ..\ProgInc\usart.h: can't open file '..\ProgInc\config.h'
  22          
  23          /******************************************************************************
  24          
  25            Function:       void Uart1_Init(void) 
  26          
  27            Description:    初始化串口1,115200bps@33.1776MHz
  28          
  29            Calls:          1、void main(void);
  30          
  31            Called By:      None
  32          
  33            Input:          None
  34          
  35            Output:         None
  36          
  37            Return:         None
  38          
  39            Others:         None
  40          
  41            Version:        V0.10.1,2016-02-22
  42          
  43          ******************************************************************************/
  44          
  45          void Uart1_Init(void) 
  46          {   
  47   1          /*8位数据,可变波特率*/
  48   1          SCON = 0x50;    
*** ERROR C202 IN LINE 48 OF ..\ProgSource\usart.c: 'SCON': undefined identifier
  49   1      
  50   1          /*定时器2时钟为Fosc,即1T*/    
  51   1          AUXR |= 0x04;    
*** ERROR C202 IN LINE 51 OF ..\ProgSource\usart.c: 'AUXR': undefined identifier
C51 COMPILER V9.53.0.0   USART                                                             04/23/2016 12:41:58 PAGE 2   

  52   1      
  53   1          /*串口1选择定时器2为波特率发生器*/
  54   1          AUXR |= 0x01;        
*** ERROR C202 IN LINE 54 OF ..\ProgSource\usart.c: 'AUXR': undefined identifier
  55   1      
  56   1          /*设定定时初值*/
  57   1          T2L = 0xB8;
*** ERROR C202 IN LINE 57 OF ..\ProgSource\usart.c: 'T2L': undefined identifier
  58   1          T2H = 0xFF;      
*** ERROR C202 IN LINE 58 OF ..\ProgSource\usart.c: 'T2H': undefined identifier
  59   1      
  60   1          /*启动定时器1*/
  61   1          AUXR |= 0x10;       
*** ERROR C202 IN LINE 61 OF ..\ProgSource\usart.c: 'AUXR': undefined identifier
  62   1          
  63   1          /*拉高RI，TI电平,以便可以正常使用printf()*/
  64   1          RI = TI = 1; 
*** ERROR C202 IN LINE 64 OF ..\ProgSource\usart.c: 'RI': undefined identifier
  65   1          
  66   1      }

C51 COMPILATION COMPLETE.  1 WARNING(S),  7 ERROR(S)
